yarn run v1.22.22
$ node build/build.js && yarn build-style
[BABEL] Note: The code generator has deoptimised the styling of /workspaces/stackedit/node_modules/mermaid/dist/mermaid.core.js as it exceeds the max of 500KB.
assets by status 22.9 MiB [cached] 156 assets
Entrypoint app = static/js/manifest.51f188a83a131adb77ab.js static/js/vendors.bd86834fcd7e1ad92e43.js static/css/vendors.2ec6977b2387532e53f2.css static/js/app.df81331c2f175516df53.js static/css/app.6215076f2c27c7d4aaf0.css 9 auxiliary assets

LOG from GenerateSW
<i> The service worker at service-worker.js will precache
<i>         150 URLs, totaling 11.7 MB.

WARNING in /static/js/app.df81331c2f175516df53.js is 3.03 MB, and won't be precached. Configure maximumFileSizeToCacheInBytes to change this limit.

WARNING in /static/js/vendors.bd86834fcd7e1ad92e43.js is 9.19 MB, and won't be precached. Configure maximumFileSizeToCacheInBytes to change this limit.

ERROR in Error: __webpack_exports__ is not defined
  
  - index.html:69 
    /workspaces/stackedit/index.html:69:11
  
  - index.html:71 
    /workspaces/stackedit/index.html:71:12
  
  - node:vm:149 Script.runInContext
    node:vm:149:12
  
  - index.js:700 HtmlWebpackPlugin.evaluateCompilationResult
    [stackedit]/[html-webpack-plugin]/index.js:700:28
  
  - index.js:1437 
    [stackedit]/[html-webpack-plugin]/index.js:1437:21
  
  - task_queues:95 process.processTicksAndRejections
    node:internal/process/task_queues:95:5
  
  - async Promise.all
  
  - async Promise.all

webpack 5.97.1 compiled with 1 error and 2 warnings in 26912 ms

  Build complete.

  Tip: built files are meant to be served over an HTTP server.
  Opening index.html over file:// won't work.

$ webpack --config build/webpack.style.conf.js
[webpack-cli] Failed to load '/workspaces/stackedit/build/webpack.style.conf.js' config
[webpack-cli] Error: Cannot find module 'extract-text-webpack-plugin'
Require stack:
- /workspaces/stackedit/build/webpack.style.conf.js
- /workspaces/stackedit/node_modules/webpack-cli/lib/webpack-cli.js
- /workspaces/stackedit/node_modules/webpack-cli/lib/bootstrap.js
- /workspaces/stackedit/node_modules/webpack-cli/bin/cli.js
- /workspaces/stackedit/node_modules/webpack/bin/webpack.js
    at Module._resolveFilename (node:internal/modules/cjs/loader:1225:15)
    at Module._load (node:internal/modules/cjs/loader:1051:27)
    at Module.require (node:internal/modules/cjs/loader:1311:19)
    at require (node:internal/modules/helpers:179:18)
    at Object.<anonymous> (/workspaces/stackedit/build/webpack.style.conf.js:8:25)
    at Module._compile (node:internal/modules/cjs/loader:1469:14)
    at Module._extensions..js (node:internal/modules/cjs/loader:1548:10)
    at Module.load (node:internal/modules/cjs/loader:1288:32)
    at Module._load (node:internal/modules/cjs/loader:1104:12)
    at Module.require (node:internal/modules/cjs/loader:1311:19) {
  code: 'MODULE_NOT_FOUND',
  requireStack: [
    '/workspaces/stackedit/build/webpack.style.conf.js',
    '/workspaces/stackedit/node_modules/webpack-cli/lib/webpack-cli.js',
    '/workspaces/stackedit/node_modules/webpack-cli/lib/bootstrap.js',
    '/workspaces/stackedit/node_modules/webpack-cli/bin/cli.js',
    '/workspaces/stackedit/node_modules/webpack/bin/webpack.js'
  ]
}
error Command failed with exit code 2.
info Visit https://yarnpkg.com/en/docs/cli/run for documentation about this command.
error Command failed with exit code 2.
info Visit https://yarnpkg.com/en/docs/cli/run for documentation about this command.
